{
/* description */ "(AF \$$$(G_(gch=0)) ) "
/* identifier  */ {\consistency }
/* truth value */ 0
/* loop begins */ 1
/* time */ 1349795243
{
/* loop begins here */
/* state 1 */{
# 1 "$noline$"
\a  = 0,
# 1 "$noline$"
\b  = 0,
# 1 "$noline$"
\c  = 1,
#16 "examples\\cycle-cinet-reverse.smv-c.smv"
\cha  = 0,
#17 "examples\\cycle-cinet-reverse.smv-c.smv"
\chb  = 0,
#18 "examples\\cycle-cinet-reverse.smv-c.smv"
\chc  = 0,
#19 "examples\\cycle-cinet-reverse.smv-c.smv"
\chd  = 0,
# 1 "$noline$"
\d  = 1,
#50 "examples\\cycle-cinet-reverse.smv-c.smv"
\gch  = 0
}
/* state 2 */{
#25 "examples\\cycle-cinet-reverse.smv-c.smv"
\a  = 0,
#33 "examples\\cycle-cinet-reverse.smv-c.smv"
\b  = 0,
#42 "examples\\cycle-cinet-reverse.smv-c.smv"
\c  = 1,
# 1 "$noline$"
\cha  = 0,
# 1 "$noline$"
\chb  = 1,
# 1 "$noline$"
\chc  = 1,
# 1 "$noline$"
\chd  = 0,
#48 "examples\\cycle-cinet-reverse.smv-c.smv"
\d  = 1,
#69 "examples\\cycle-cinet-reverse.smv-c.smv"
\gch  = 0
}
/* state 3 */{
#25 "examples\\cycle-cinet-reverse.smv-c.smv"
\a  = 0,
#34 "examples\\cycle-cinet-reverse.smv-c.smv"
\b  = 1,
#43 "examples\\cycle-cinet-reverse.smv-c.smv"
\c  = 0,
# 1 "$noline$"
\cha  = 0,
# 1 "$noline$"
\chb  = 0,
# 1 "$noline$"
\chc  = 0,
# 1 "$noline$"
\chd  = 0,
#48 "examples\\cycle-cinet-reverse.smv-c.smv"
\d  = 1,
#69 "examples\\cycle-cinet-reverse.smv-c.smv"
\gch  = 1
}
/* state 4 */{
#25 "examples\\cycle-cinet-reverse.smv-c.smv"
\a  = 0,
#33 "examples\\cycle-cinet-reverse.smv-c.smv"
\b  = 1,
#42 "examples\\cycle-cinet-reverse.smv-c.smv"
\c  = 0,
# 1 "$noline$"
\cha  = 1,
# 1 "$noline$"
\chb  = 1,
# 1 "$noline$"
\chc  = 1,
# 1 "$noline$"
\chd  = 0,
#48 "examples\\cycle-cinet-reverse.smv-c.smv"
\d  = 1,
#69 "examples\\cycle-cinet-reverse.smv-c.smv"
\gch  = 0
}
/* state 5 */{
#26 "examples\\cycle-cinet-reverse.smv-c.smv"
\a  = 1,
#34 "examples\\cycle-cinet-reverse.smv-c.smv"
\b  = 0,
#43 "examples\\cycle-cinet-reverse.smv-c.smv"
\c  = 1,
# 1 "$noline$"
\cha  = 1,
# 1 "$noline$"
\chb  = 1,
# 1 "$noline$"
\chc  = 0,
# 1 "$noline$"
\chd  = 0,
#48 "examples\\cycle-cinet-reverse.smv-c.smv"
\d  = 1,
#69 "examples\\cycle-cinet-reverse.smv-c.smv"
\gch  = 1
}
/* state 6 */{
#26 "examples\\cycle-cinet-reverse.smv-c.smv"
\a  = 0,
#33 "examples\\cycle-cinet-reverse.smv-c.smv"
\b  = 0,
#42 "examples\\cycle-cinet-reverse.smv-c.smv"
\c  = 1,
# 1 "$noline$"
\cha  = 0,
# 1 "$noline$"
\chb  = 0,
# 1 "$noline$"
\chc  = 0,
# 1 "$noline$"
\chd  = 0,
#48 "examples\\cycle-cinet-reverse.smv-c.smv"
\d  = 1,
#69 "examples\\cycle-cinet-reverse.smv-c.smv"
\gch  = 1
}
/* loop back to state 1 */
}
}
