{
/* description */ "(AF \$$$(G_(gch=0)) ) "
/* identifier  */ {\consistency }
/* truth value */ 0
/* loop begins */ 1
/* time */ 1349795304
{
/* loop begins here */
/* state 1 */{
# 1 "$noline$"
\a  = 1,
# 1 "$noline$"
\b  = 0,
# 1 "$noline$"
\c  = 0,
#16 "examples\\cycle-cinet-1-reverse.smv-c.smv"
\cha  = 0,
#17 "examples\\cycle-cinet-1-reverse.smv-c.smv"
\chb  = 0,
#18 "examples\\cycle-cinet-1-reverse.smv-c.smv"
\chc  = 0,
#19 "examples\\cycle-cinet-1-reverse.smv-c.smv"
\chd  = 0,
# 1 "$noline$"
\d  = 1,
#61 "examples\\cycle-cinet-1-reverse.smv-c.smv"
\gch  = 0
}
/* state 2 */{
#28 "examples\\cycle-cinet-1-reverse.smv-c.smv"
\a  = 1,
#40 "examples\\cycle-cinet-1-reverse.smv-c.smv"
\b  = 0,
#51 "examples\\cycle-cinet-1-reverse.smv-c.smv"
\c  = 0,
# 1 "$noline$"
\cha  = 1,
# 1 "$noline$"
\chb  = 1,
# 1 "$noline$"
\chc  = 0,
# 1 "$noline$"
\chd  = 1,
#59 "examples\\cycle-cinet-1-reverse.smv-c.smv"
\d  = 1,
#91 "examples\\cycle-cinet-1-reverse.smv-c.smv"
\gch  = 0
}
/* state 3 */{
#29 "examples\\cycle-cinet-1-reverse.smv-c.smv"
\a  = 0,
#41 "examples\\cycle-cinet-1-reverse.smv-c.smv"
\b  = 1,
#51 "examples\\cycle-cinet-1-reverse.smv-c.smv"
\c  = 0,
# 1 "$noline$"
\cha  = 0,
# 1 "$noline$"
\chb  = 0,
# 1 "$noline$"
\chc  = 0,
# 1 "$noline$"
\chd  = 0,
#60 "examples\\cycle-cinet-1-reverse.smv-c.smv"
\d  = 0,
#91 "examples\\cycle-cinet-1-reverse.smv-c.smv"
\gch  = 1
}
/* state 4 */{
#28 "examples\\cycle-cinet-1-reverse.smv-c.smv"
\a  = 0,
#40 "examples\\cycle-cinet-1-reverse.smv-c.smv"
\b  = 1,
#51 "examples\\cycle-cinet-1-reverse.smv-c.smv"
\c  = 0,
# 1 "$noline$"
\cha  = 1,
# 1 "$noline$"
\chb  = 1,
# 1 "$noline$"
\chc  = 0,
# 1 "$noline$"
\chd  = 1,
#59 "examples\\cycle-cinet-1-reverse.smv-c.smv"
\d  = 0,
#91 "examples\\cycle-cinet-1-reverse.smv-c.smv"
\gch  = 0
}
/* state 5 */{
#29 "examples\\cycle-cinet-1-reverse.smv-c.smv"
\a  = 1,
#41 "examples\\cycle-cinet-1-reverse.smv-c.smv"
\b  = 0,
#51 "examples\\cycle-cinet-1-reverse.smv-c.smv"
\c  = 0,
# 1 "$noline$"
\cha  = 0,
# 1 "$noline$"
\chb  = 0,
# 1 "$noline$"
\chc  = 0,
# 1 "$noline$"
\chd  = 0,
#60 "examples\\cycle-cinet-1-reverse.smv-c.smv"
\d  = 1,
#91 "examples\\cycle-cinet-1-reverse.smv-c.smv"
\gch  = 1
}
/* loop back to state 1 */
}
}
